<?xml version="1.0" encoding="UTF-8"?>
<!-- Generated by org.testng.reporters.JUnitXMLReporter -->
<testsuite ignored="0" hostname="Sandeeps-MacBook-Air.local" failures="1" tests="11" name="Surefire test" time="56.082" errors="0" timestamp="2023-03-04T14:53:16 MST">
  <testcase classname="com.google.qa.testcases.GmailPageTest" name="GmailPagetitleTest" time="0.006">
    <failure type="java.lang.AssertionError" message="Gmail Page Title Not Matched expected [Sign in - Google Accounts11] but found [Sign in - Google Accounts]">
      <![CDATA[java.lang.AssertionError: Gmail Page Title Not Matched expected [Sign in - Google Accounts11] but found [Sign in - Google Accounts]
at com.google.qa.testcases.GmailPageTest.GmailPagetitleTest(GmailPageTest.java:42)
at java.base/java.util.ArrayList.forEach(ArrayList.java:1511)
... Removed 36 stack frames]]>
    </failure>
  </testcase> <!-- GmailPagetitleTest -->
  <testcase classname="com.google.qa.testcases.GmailPageTest" name="GmailErrorTest" time="0.656"/>
  <testcase classname="com.google.qa.testcases.GmailPageTest" name="HelpPageTitleTest" time="2.058"/>
  <testcase classname="com.google.qa.testcases.StorePageTest" name="PhonesDisplayTest" time="0.044"/>
  <testcase classname="com.google.qa.testcases.StorePageTest" name="LaptopDisplayTest" time="0.103"/>
  <testcase classname="com.google.qa.testcases.StorePageTest" name="StorePageTitleTest" time="0.003"/>
  <testcase classname="com.google.qa.testcases.HomePageTest" name="HomePagetitleTest" time="0.005"/>
  <testcase classname="com.google.qa.testcases.HomePageTest" name="GooogleImageLogoTest" time="0.022"/>
  <testcase classname="com.google.qa.testcases.HomePageTest" name="SearchPageTest" time="0.054"/>
  <testcase classname="com.google.qa.testcases.HomePageTest" name="GmailPageTest" time="1.212"/>
  <testcase classname="com.google.qa.testcases.HomePageTest" name="VerifyStoreLinkTest" time="1.773"/>
</testsuite> <!-- Surefire test -->
