<?xml version="1.0" encoding="UTF-8"?>
<testsuite xmlns:xsi="http://www.w3.org/2001/XMLSchema-instance" xsi:schemaLocation="https://maven.apache.org/surefire/maven-surefire-plugin/xsd/surefire-test-report.xsd" name="TestSuite" time="56.649" tests="11" errors="0" skipped="0" failures="1">
  <properties>
[...]
</properties>
  <testcase name="GmailPagetitleTest" classname="com.google.qa.testcases.GmailPageTest" time="0.008">
    <failure message="Gmail Page Title Not Matched expected [Sign in - Google Accounts11] but found [Sign in - Google Accounts]" type="java.lang.AssertionError">java.lang.AssertionError: Gmail Page Title Not Matched expected [Sign in - Google Accounts11] but found [Sign in - Google Accounts]
	at com.google.qa.testcases.GmailPageTest.GmailPagetitleTest(GmailPageTest.java:42)
</failure>
    <system-out><![CDATA[Before navigating to: 'https://www.google.com/'
Navigated to:'https://www.google.com/'
Trying to find Element By : By.linkText: Sign in
Found Element By : By.linkText: Sign in
Trying to click on: [[FirefoxDriver: firefox on MAC (9bbd33af-91d3-4299-b9d3-fd95e09465d8)] -> link text: Sign in]
Clicked on: [[FirefoxDriver: firefox on MAC (9bbd33af-91d3-4299-b9d3-fd95e09465d8)] -> link text: Sign in]
]]></system-out>
    <system-err><![CDATA[SLF4J: Failed to load class "org.slf4j.impl.StaticLoggerBinder".
SLF4J: Defaulting to no-operation (NOP) logger implementation
SLF4J: See http://www.slf4j.org/codes.html#StaticLoggerBinder for further details.
1677966740678	geckodriver	INFO	Listening on 127.0.0.1:8435
1677966740797	mozrunner::runner	INFO	Running command: "/Applications/Firefox.app/Contents/MacOS/firefox-bin" "--marionette" "--remote-debugging-port" "43476" "--r ... /[::1]:43476/" "-foreground" "-no-remote" "-profile" "/var/folders/6n/zsb2y2w567sfpn3qnt4c4m3r0000gn/T/rust_mozprofileoYXlL7"
console.warn: services.settings: Ignoring preference override of remote settings server
console.warn: services.settings: Allow by setting MOZ_REMOTE_SETTINGS_DEVTOOLS=1 in the environment
1677966741291	Marionette	INFO	Marionette enabled
1677966741422	Marionette	INFO	Listening on port 51761
Read port: 51761
console.error: "Warning: unrecognized command line flag -remote-allow-hosts\n"
console.error: "Warning: unrecognized command line flag -remote-allow-origins\n"
WebDriver BiDi listening on ws://127.0.0.1:43476
1677966741538	RemoteAgent	WARN	TLS certificate errors will be ignored for this session
console.warn: SearchSettings: "get: No settings file exists, new profile?" (new NotFoundError("Could not open the file at /var/folders/6n/zsb2y2w567sfpn3qnt4c4m3r0000gn/T/rust_mozprofileoYXlL7/search.json.mozlz4", (void 0)))
DevTools listening on ws://127.0.0.1:43476/devtools/browser/ef1e3427-d200-4739-8e75-efddf74d0f95
console.warn: LoginRecipes: "Falling back to a synchronous message for: https://accounts.google.com."
]]></system-err>
  </testcase>
  <testcase name="GmailErrorTest" classname="com.google.qa.testcases.GmailPageTest" time="0.656"/>
  <testcase name="HelpPageTitleTest" classname="com.google.qa.testcases.GmailPageTest" time="2.059"/>
  <testcase name="PhonesDisplayTest" classname="com.google.qa.testcases.StorePageTest" time="0.044"/>
  <testcase name="LaptopDisplayTest" classname="com.google.qa.testcases.StorePageTest" time="0.103"/>
  <testcase name="StorePageTitleTest" classname="com.google.qa.testcases.StorePageTest" time="0.003"/>
  <testcase name="HomePagetitleTest" classname="com.google.qa.testcases.HomePageTest" time="0.005"/>
  <testcase name="GooogleImageLogoTest" classname="com.google.qa.testcases.HomePageTest" time="0.022"/>
  <testcase name="SearchPageTest" classname="com.google.qa.testcases.HomePageTest" time="0.054"/>
  <testcase name="GmailPageTest" classname="com.google.qa.testcases.HomePageTest" time="1.212"/>
  <testcase name="VerifyStoreLinkTest" classname="com.google.qa.testcases.HomePageTest" time="1.773"/>
</testsuite>